2025-01-26 12:52:57.441 [background-preinit] [traceId=] INFO  o.h.validator.internal.util.Version - HV000001: Hibernate Validator 8.0.2.Final
2025-01-26 12:52:57.499 [main] [traceId=] INFO  c.gijun.backend.BackendApplication - Starting BackendApplication using Java 23.0.2 with PID 15780 (C:\Dev\SideProeject\WebPosSystem\backend\build\classes\java\main started by tpgj9 in C:\Dev\SideProeject\WebPosSystem)
2025-01-26 12:52:57.500 [main] [traceId=] DEBUG c.gijun.backend.BackendApplication - Running with Spring Boot v3.4.1, Spring v6.2.1
2025-01-26 12:52:57.500 [main] [traceId=] INFO  c.gijun.backend.BackendApplication - The following 1 profile is active: "dev"
2025-01-26 12:52:59.326 [main] [traceId=] INFO  o.s.d.r.c.RepositoryConfigurationDelegate - Multiple Spring Data modules found, entering strict repository configuration mode
2025-01-26 12:52:59.328 [main] [traceId=] INFO  o.s.d.r.c.RepositoryConfigurationDelegate - Bootstrapping Spring Data JPA repositories in DEFAULT mode.
2025-01-26 12:52:59.534 [main] [traceId=] INFO  o.s.d.r.c.RepositoryConfigurationDelegate - Finished Spring Data repository scanning in 193 ms. Found 1 JPA repository interface.
2025-01-26 12:52:59.558 [main] [traceId=] INFO  o.s.d.r.c.RepositoryConfigurationDelegate - Multiple Spring Data modules found, entering strict repository configuration mode
2025-01-26 12:52:59.561 [main] [traceId=] INFO  o.s.d.r.c.RepositoryConfigurationDelegate - Bootstrapping Spring Data Redis repositories in DEFAULT mode.
2025-01-26 12:52:59.589 [main] [traceId=] INFO  o.s.d.r.c.RepositoryConfigurationExtensionSupport - Spring Data Redis - Could not safely identify store assignment for repository candidate interface com.gijun.backend.common.repository.user.UserRepository; If you want this repository to be a Redis repository, consider annotating your entities with one of these annotations: org.springframework.data.redis.core.RedisHash (preferred), or consider extending one of the following types with your repository: org.springframework.data.keyvalue.repository.KeyValueRepository
2025-01-26 12:52:59.589 [main] [traceId=] INFO  o.s.d.r.c.RepositoryConfigurationDelegate - Finished Spring Data repository scanning in 13 ms. Found 0 Redis repository interfaces.
2025-01-26 12:53:00.651 [main] [traceId=] INFO  o.s.b.w.e.tomcat.TomcatWebServer - Tomcat initialized with port 9832 (http)
2025-01-26 12:53:00.664 [main] [traceId=] INFO  o.a.coyote.http11.Http11NioProtocol - Initializing ProtocolHandler ["http-nio-9832"]
2025-01-26 12:53:00.665 [main] [traceId=] INFO  o.a.catalina.core.StandardService - Starting service [Tomcat]
2025-01-26 12:53:00.666 [main] [traceId=] INFO  o.a.catalina.core.StandardEngine - Starting Servlet engine: [Apache Tomcat/10.1.34]
2025-01-26 12:53:00.735 [main] [traceId=] INFO  o.a.c.c.C.[.[localhost].[/api] - Initializing Spring embedded WebApplicationContext
2025-01-26 12:53:00.735 [main] [traceId=] INFO  o.s.b.w.s.c.ServletWebServerApplicationContext - Root WebApplicationContext: initialization completed in 3182 ms
2025-01-26 12:53:01.751 [main] [traceId=] INFO  o.h.jpa.internal.util.LogHelper - HHH000204: Processing PersistenceUnitInfo [name: default]
2025-01-26 12:53:01.833 [main] [traceId=] INFO  org.hibernate.Version - HHH000412: Hibernate ORM core version 6.4.1.Final
2025-01-26 12:53:01.874 [main] [traceId=] INFO  o.h.c.i.RegionFactoryInitiator - HHH000026: Second-level cache disabled
2025-01-26 12:53:02.120 [main] [traceId=] INFO  o.s.o.j.p.SpringPersistenceUnitInfo - No LoadTimeWeaver setup: ignoring JPA class transformer
2025-01-26 12:53:02.148 [main] [traceId=] INFO  com.zaxxer.hikari.HikariDataSource - HikariPool-1 - Starting...
2025-01-26 12:53:02.584 [main] [traceId=] INFO  com.zaxxer.hikari.pool.HikariPool - HikariPool-1 - Added connection com.mysql.cj.jdbc.ConnectionImpl@795e8ef5
2025-01-26 12:53:02.586 [main] [traceId=] INFO  com.zaxxer.hikari.HikariDataSource - HikariPool-1 - Start completed.
2025-01-26 12:53:03.578 [main] [traceId=] INFO  o.h.e.t.j.p.i.JtaPlatformInitiator - HHH000489: No JTA platform available (set 'hibernate.transaction.jta.platform' to enable JTA platform integration)
2025-01-26 12:53:03.740 [main] [traceId=] INFO  o.s.o.j.LocalContainerEntityManagerFactoryBean - Initialized JPA EntityManagerFactory for persistence unit 'default'
2025-01-26 12:53:04.163 [main] [traceId=] INFO  o.s.s.c.a.a.c.InitializeUserDetailsBeanManagerConfigurer$InitializeUserDetailsManagerConfigurer - Global AuthenticationManager configured with UserDetailsService bean with name customUserDetailsService
2025-01-26 12:53:04.220 [main] [traceId=] DEBUG c.g.b.c.s.JwtAuthenticationFilter - Filter 'jwtAuthenticationFilter' configured for use
2025-01-26 12:53:04.221 [main] [traceId=] DEBUG o.s.w.f.ServerHttpObservationFilter - Filter 'webMvcObservationFilter' configured for use
2025-01-26 12:53:04.221 [main] [traceId=] DEBUG c.g.b.c.s.JwtAuthorizationFilter - Filter 'jwtAuthorizationFilter' configured for use
2025-01-26 12:53:04.401 [main] [traceId=] WARN  o.s.b.a.o.j.JpaBaseConfiguration$JpaWebConfiguration - spring.jpa.open-in-view is enabled by default. Therefore, database queries may be performed during view rendering. Explicitly configure spring.jpa.open-in-view to disable this warning
2025-01-26 12:53:04.609 [main] [traceId=] DEBUG o.s.w.s.m.m.a.RequestMappingHandlerMapping - 13 mappings in 'requestMappingHandlerMapping'
2025-01-26 12:53:04.670 [main] [traceId=] DEBUG o.s.w.s.h.SimpleUrlHandlerMapping - Patterns [/webjars/**, /**, /swagger-ui*/*swagger-initializer.js, /swagger-ui*/**] in 'resourceHandlerMapping'
2025-01-26 12:53:04.881 [main] [traceId=] INFO  o.s.b.a.e.web.EndpointLinksResolver - Exposing 2 endpoints beneath base path '/actuator'
2025-01-26 12:53:04.989 [main] [traceId=] DEBUG o.s.s.web.DefaultSecurityFilterChain - Will secure any request with filters: DisableEncodeUrlFilter, WebAsyncManagerIntegrationFilter, SecurityContextHolderFilter, HeaderWriterFilter, CorsFilter, LogoutFilter, JwtAuthorizationFilter, JwtAuthenticationFilter, RequestCacheAwareFilter, SecurityContextHolderAwareRequestFilter, AnonymousAuthenticationFilter, SessionManagementFilter, ExceptionTranslationFilter, AuthorizationFilter
2025-01-26 12:53:05.144 [main] [traceId=] DEBUG o.s.w.s.m.m.a.RequestMappingHandlerAdapter - ControllerAdvice beans: 0 @ModelAttribute, 0 @InitBinder, 1 RequestBodyAdvice, 1 ResponseBodyAdvice
2025-01-26 12:53:05.197 [main] [traceId=] DEBUG o.s.w.s.m.m.a.ExceptionHandlerExceptionResolver - ControllerAdvice beans: 1 @ExceptionHandler, 1 ResponseBodyAdvice
2025-01-26 12:53:05.755 [main] [traceId=] INFO  o.a.k.c.admin.AdminClientConfig - AdminClientConfig values: 
	auto.include.jmx.reporter = true
	bootstrap.controllers = []
	bootstrap.servers = [15.164.142.172:9092]
	client.dns.lookup = use_all_dns_ips
	client.id = 
	connections.max.idle.ms = 300000
	default.api.timeout.ms = 60000
	enable.metrics.push = true
	metadata.max.age.ms = 300000
	metadata.recovery.strategy = none
	metric.reporters = []
	metrics.num.samples = 2
	metrics.recording.level = INFO
	metrics.sample.window.ms = 30000
	receive.buffer.bytes = 65536
	reconnect.backoff.max.ms = 1000
	reconnect.backoff.ms = 50
	request.timeout.ms = 30000
	retries = 2147483647
	retry.backoff.max.ms = 1000
	retry.backoff.ms = 100
	sasl.client.callback.handler.class = null
	sasl.jaas.config = null
	sasl.kerberos.kinit.cmd = /usr/bin/kinit
	sasl.kerberos.min.time.before.relogin = 60000
	sasl.kerberos.service.name = null
	sasl.kerberos.ticket.renew.jitter = 0.05
	sasl.kerberos.ticket.renew.window.factor = 0.8
	sasl.login.callback.handler.class = null
	sasl.login.class = null
	sasl.login.connect.timeout.ms = null
	sasl.login.read.timeout.ms = null
	sasl.login.refresh.buffer.seconds = 300
	sasl.login.refresh.min.period.seconds = 60
	sasl.login.refresh.window.factor = 0.8
	sasl.login.refresh.window.jitter = 0.05
	sasl.login.retry.backoff.max.ms = 10000
	sasl.login.retry.backoff.ms = 100
	sasl.mechanism = GSSAPI
	sasl.oauthbearer.clock.skew.seconds = 30
	sasl.oauthbearer.expected.audience = null
	sasl.oauthbearer.expected.issuer = null
	sasl.oauthbearer.header.urlencode = false
	sasl.oauthbearer.jwks.endpoint.refresh.ms = 3600000
	sasl.oauthbearer.jwks.endpoint.retry.backoff.max.ms = 10000
	sasl.oauthbearer.jwks.endpoint.retry.backoff.ms = 100
	sasl.oauthbearer.jwks.endpoint.url = null
	sasl.oauthbearer.scope.claim.name = scope
	sasl.oauthbearer.sub.claim.name = sub
	sasl.oauthbearer.token.endpoint.url = null
	security.protocol = PLAINTEXT
	security.providers = null
	send.buffer.bytes = 131072
	socket.connection.setup.timeout.max.ms = 30000
	socket.connection.setup.timeout.ms = 10000
	ssl.cipher.suites = null
	ssl.enabled.protocols = [TLSv1.2, TLSv1.3]
	ssl.endpoint.identification.algorithm = https
	ssl.engine.factory.class = null
	ssl.key.password = null
	ssl.keymanager.algorithm = SunX509
	ssl.keystore.certificate.chain = null
	ssl.keystore.key = null
	ssl.keystore.location = null
	ssl.keystore.password = null
	ssl.keystore.type = JKS
	ssl.protocol = TLSv1.3
	ssl.provider = null
	ssl.secure.random.implementation = null
	ssl.trustmanager.algorithm = PKIX
	ssl.truststore.certificates = null
	ssl.truststore.location = null
	ssl.truststore.password = null
	ssl.truststore.type = JKS

2025-01-26 12:53:05.827 [main] [traceId=] INFO  o.a.kafka.common.utils.AppInfoParser - Kafka version: 3.9.0
2025-01-26 12:53:05.827 [main] [traceId=] INFO  o.a.kafka.common.utils.AppInfoParser - Kafka commitId: 84caaa6e9da06435
2025-01-26 12:53:05.827 [main] [traceId=] INFO  o.a.kafka.common.utils.AppInfoParser - Kafka startTimeMs: 1737863585826
2025-01-26 12:53:06.284 [kafka-admin-client-thread | adminclient-1] [traceId=] INFO  o.a.kafka.common.utils.AppInfoParser - App info kafka.admin.client for adminclient-1 unregistered
2025-01-26 12:53:06.288 [kafka-admin-client-thread | adminclient-1] [traceId=] INFO  o.a.kafka.common.metrics.Metrics - Metrics scheduler closed
2025-01-26 12:53:06.288 [kafka-admin-client-thread | adminclient-1] [traceId=] INFO  o.a.kafka.common.metrics.Metrics - Closing reporter org.apache.kafka.common.metrics.JmxReporter
2025-01-26 12:53:06.288 [kafka-admin-client-thread | adminclient-1] [traceId=] INFO  o.a.kafka.common.metrics.Metrics - Metrics reporters closed
2025-01-26 12:53:06.292 [main] [traceId=] INFO  o.a.coyote.http11.Http11NioProtocol - Starting ProtocolHandler ["http-nio-9832"]
2025-01-26 12:53:06.301 [main] [traceId=] INFO  o.s.b.w.e.tomcat.TomcatWebServer - Tomcat started on port 9832 (http) with context path '/api'
2025-01-26 12:53:06.325 [main] [traceId=] INFO  o.a.k.c.consumer.ConsumerConfig - ConsumerConfig values: 
	allow.auto.create.topics = true
	auto.commit.interval.ms = 5000
	auto.include.jmx.reporter = true
	auto.offset.reset = latest
	bootstrap.servers = [15.164.142.172:9092]
	check.crcs = true
	client.dns.lookup = use_all_dns_ips
	client.id = consumer-payment-group-1
	client.rack = 
	connections.max.idle.ms = 540000
	default.api.timeout.ms = 60000
	enable.auto.commit = false
	enable.metrics.push = true
	exclude.internal.topics = true
	fetch.max.bytes = 52428800
	fetch.max.wait.ms = 500
	fetch.min.bytes = 1
	group.id = payment-group
	group.instance.id = null
	group.protocol = classic
	group.remote.assignor = null
	heartbeat.interval.ms = 3000
	interceptor.classes = []
	internal.leave.group.on.close = true
	internal.throw.on.fetch.stable.offset.unsupported = false
	isolation.level = read_uncommitted
	key.deserializer = class org.apache.kafka.common.serialization.StringDeserializer
	max.partition.fetch.bytes = 1048576
	max.poll.interval.ms = 300000
	max.poll.records = 500
	metadata.max.age.ms = 300000
	metadata.recovery.strategy = none
	metric.reporters = []
	metrics.num.samples = 2
	metrics.recording.level = INFO
	metrics.sample.window.ms = 30000
	partition.assignment.strategy = [class org.apache.kafka.clients.consumer.RangeAssignor, class org.apache.kafka.clients.consumer.CooperativeStickyAssignor]
	receive.buffer.bytes = 65536
	reconnect.backoff.max.ms = 1000
	reconnect.backoff.ms = 50
	request.timeout.ms = 30000
	retry.backoff.max.ms = 1000
	retry.backoff.ms = 100
	sasl.client.callback.handler.class = null
	sasl.jaas.config = null
	sasl.kerberos.kinit.cmd = /usr/bin/kinit
	sasl.kerberos.min.time.before.relogin = 60000
	sasl.kerberos.service.name = null
	sasl.kerberos.ticket.renew.jitter = 0.05
	sasl.kerberos.ticket.renew.window.factor = 0.8
	sasl.login.callback.handler.class = null
	sasl.login.class = null
	sasl.login.connect.timeout.ms = null
	sasl.login.read.timeout.ms = null
	sasl.login.refresh.buffer.seconds = 300
	sasl.login.refresh.min.period.seconds = 60
	sasl.login.refresh.window.factor = 0.8
	sasl.login.refresh.window.jitter = 0.05
	sasl.login.retry.backoff.max.ms = 10000
	sasl.login.retry.backoff.ms = 100
	sasl.mechanism = GSSAPI
	sasl.oauthbearer.clock.skew.seconds = 30
	sasl.oauthbearer.expected.audience = null
	sasl.oauthbearer.expected.issuer = null
	sasl.oauthbearer.header.urlencode = false
	sasl.oauthbearer.jwks.endpoint.refresh.ms = 3600000
	sasl.oauthbearer.jwks.endpoint.retry.backoff.max.ms = 10000
	sasl.oauthbearer.jwks.endpoint.retry.backoff.ms = 100
	sasl.oauthbearer.jwks.endpoint.url = null
	sasl.oauthbearer.scope.claim.name = scope
	sasl.oauthbearer.sub.claim.name = sub
	sasl.oauthbearer.token.endpoint.url = null
	security.protocol = PLAINTEXT
	security.providers = null
	send.buffer.bytes = 131072
	session.timeout.ms = 45000
	socket.connection.setup.timeout.max.ms = 30000
	socket.connection.setup.timeout.ms = 10000
	ssl.cipher.suites = null
	ssl.enabled.protocols = [TLSv1.2, TLSv1.3]
	ssl.endpoint.identification.algorithm = https
	ssl.engine.factory.class = null
	ssl.key.password = null
	ssl.keymanager.algorithm = SunX509
	ssl.keystore.certificate.chain = null
	ssl.keystore.key = null
	ssl.keystore.location = null
	ssl.keystore.password = null
	ssl.keystore.type = JKS
	ssl.protocol = TLSv1.3
	ssl.provider = null
	ssl.secure.random.implementation = null
	ssl.trustmanager.algorithm = PKIX
	ssl.truststore.certificates = null
	ssl.truststore.location = null
	ssl.truststore.password = null
	ssl.truststore.type = JKS
	value.deserializer = class org.apache.kafka.common.serialization.StringDeserializer

2025-01-26 12:53:06.386 [main] [traceId=] INFO  o.a.k.c.t.i.KafkaMetricsCollector - initializing Kafka metrics collector
2025-01-26 12:53:06.436 [main] [traceId=] INFO  o.a.kafka.common.utils.AppInfoParser - Kafka version: 3.9.0
2025-01-26 12:53:06.436 [main] [traceId=] INFO  o.a.kafka.common.utils.AppInfoParser - Kafka commitId: 84caaa6e9da06435
2025-01-26 12:53:06.436 [main] [traceId=] INFO  o.a.kafka.common.utils.AppInfoParser - Kafka startTimeMs: 1737863586435
2025-01-26 12:53:06.445 [main] [traceId=] INFO  o.a.k.c.c.i.ClassicKafkaConsumer - [Consumer clientId=consumer-payment-group-1, groupId=payment-group] Subscribed to topic(s): payments
2025-01-26 12:53:06.453 [main] [traceId=] INFO  o.a.k.c.consumer.ConsumerConfig - ConsumerConfig values: 
	allow.auto.create.topics = true
	auto.commit.interval.ms = 5000
	auto.include.jmx.reporter = true
	auto.offset.reset = latest
	bootstrap.servers = [15.164.142.172:9092]
	check.crcs = true
	client.dns.lookup = use_all_dns_ips
	client.id = consumer-auth-group-2
	client.rack = 
	connections.max.idle.ms = 540000
	default.api.timeout.ms = 60000
	enable.auto.commit = false
	enable.metrics.push = true
	exclude.internal.topics = true
	fetch.max.bytes = 52428800
	fetch.max.wait.ms = 500
	fetch.min.bytes = 1
	group.id = auth-group
	group.instance.id = null
	group.protocol = classic
	group.remote.assignor = null
	heartbeat.interval.ms = 3000
	interceptor.classes = []
	internal.leave.group.on.close = true
	internal.throw.on.fetch.stable.offset.unsupported = false
	isolation.level = read_uncommitted
	key.deserializer = class org.apache.kafka.common.serialization.StringDeserializer
	max.partition.fetch.bytes = 1048576
	max.poll.interval.ms = 300000
	max.poll.records = 500
	metadata.max.age.ms = 300000
	metadata.recovery.strategy = none
	metric.reporters = []
	metrics.num.samples = 2
	metrics.recording.level = INFO
	metrics.sample.window.ms = 30000
	partition.assignment.strategy = [class org.apache.kafka.clients.consumer.RangeAssignor, class org.apache.kafka.clients.consumer.CooperativeStickyAssignor]
	receive.buffer.bytes = 65536
	reconnect.backoff.max.ms = 1000
	reconnect.backoff.ms = 50
	request.timeout.ms = 30000
	retry.backoff.max.ms = 1000
	retry.backoff.ms = 100
	sasl.client.callback.handler.class = null
	sasl.jaas.config = null
	sasl.kerberos.kinit.cmd = /usr/bin/kinit
	sasl.kerberos.min.time.before.relogin = 60000
	sasl.kerberos.service.name = null
	sasl.kerberos.ticket.renew.jitter = 0.05
	sasl.kerberos.ticket.renew.window.factor = 0.8
	sasl.login.callback.handler.class = null
	sasl.login.class = null
	sasl.login.connect.timeout.ms = null
	sasl.login.read.timeout.ms = null
	sasl.login.refresh.buffer.seconds = 300
	sasl.login.refresh.min.period.seconds = 60
	sasl.login.refresh.window.factor = 0.8
	sasl.login.refresh.window.jitter = 0.05
	sasl.login.retry.backoff.max.ms = 10000
	sasl.login.retry.backoff.ms = 100
	sasl.mechanism = GSSAPI
	sasl.oauthbearer.clock.skew.seconds = 30
	sasl.oauthbearer.expected.audience = null
	sasl.oauthbearer.expected.issuer = null
	sasl.oauthbearer.header.urlencode = false
	sasl.oauthbearer.jwks.endpoint.refresh.ms = 3600000
	sasl.oauthbearer.jwks.endpoint.retry.backoff.max.ms = 10000
	sasl.oauthbearer.jwks.endpoint.retry.backoff.ms = 100
	sasl.oauthbearer.jwks.endpoint.url = null
	sasl.oauthbearer.scope.claim.name = scope
	sasl.oauthbearer.sub.claim.name = sub
	sasl.oauthbearer.token.endpoint.url = null
	security.protocol = PLAINTEXT
	security.providers = null
	send.buffer.bytes = 131072
	session.timeout.ms = 45000
	socket.connection.setup.timeout.max.ms = 30000
	socket.connection.setup.timeout.ms = 10000
	ssl.cipher.suites = null
	ssl.enabled.protocols = [TLSv1.2, TLSv1.3]
	ssl.endpoint.identification.algorithm = https
	ssl.engine.factory.class = null
	ssl.key.password = null
	ssl.keymanager.algorithm = SunX509
	ssl.keystore.certificate.chain = null
	ssl.keystore.key = null
	ssl.keystore.location = null
	ssl.keystore.password = null
	ssl.keystore.type = JKS
	ssl.protocol = TLSv1.3
	ssl.provider = null
	ssl.secure.random.implementation = null
	ssl.trustmanager.algorithm = PKIX
	ssl.truststore.certificates = null
	ssl.truststore.location = null
	ssl.truststore.password = null
	ssl.truststore.type = JKS
	value.deserializer = class org.apache.kafka.common.serialization.StringDeserializer

2025-01-26 12:53:06.454 [main] [traceId=] INFO  o.a.k.c.t.i.KafkaMetricsCollector - initializing Kafka metrics collector
2025-01-26 12:53:06.460 [main] [traceId=] INFO  o.a.kafka.common.utils.AppInfoParser - Kafka version: 3.9.0
2025-01-26 12:53:06.460 [main] [traceId=] INFO  o.a.kafka.common.utils.AppInfoParser - Kafka commitId: 84caaa6e9da06435
2025-01-26 12:53:06.460 [main] [traceId=] INFO  o.a.kafka.common.utils.AppInfoParser - Kafka startTimeMs: 1737863586460
2025-01-26 12:53:06.464 [main] [traceId=] INFO  o.a.k.c.c.i.ClassicKafkaConsumer - [Consumer clientId=consumer-auth-group-2, groupId=auth-group] Subscribed to topic(s): authentication
2025-01-26 12:53:06.465 [main] [traceId=] INFO  o.a.k.c.consumer.ConsumerConfig - ConsumerConfig values: 
	allow.auto.create.topics = true
	auto.commit.interval.ms = 5000
	auto.include.jmx.reporter = true
	auto.offset.reset = latest
	bootstrap.servers = [15.164.142.172:9092]
	check.crcs = true
	client.dns.lookup = use_all_dns_ips
	client.id = consumer-order-group-3
	client.rack = 
	connections.max.idle.ms = 540000
	default.api.timeout.ms = 60000
	enable.auto.commit = false
	enable.metrics.push = true
	exclude.internal.topics = true
	fetch.max.bytes = 52428800
	fetch.max.wait.ms = 500
	fetch.min.bytes = 1
	group.id = order-group
	group.instance.id = null
	group.protocol = classic
	group.remote.assignor = null
	heartbeat.interval.ms = 3000
	interceptor.classes = []
	internal.leave.group.on.close = true
	internal.throw.on.fetch.stable.offset.unsupported = false
	isolation.level = read_uncommitted
	key.deserializer = class org.apache.kafka.common.serialization.StringDeserializer
	max.partition.fetch.bytes = 1048576
	max.poll.interval.ms = 300000
	max.poll.records = 500
	metadata.max.age.ms = 300000
	metadata.recovery.strategy = none
	metric.reporters = []
	metrics.num.samples = 2
	metrics.recording.level = INFO
	metrics.sample.window.ms = 30000
	partition.assignment.strategy = [class org.apache.kafka.clients.consumer.RangeAssignor, class org.apache.kafka.clients.consumer.CooperativeStickyAssignor]
	receive.buffer.bytes = 65536
	reconnect.backoff.max.ms = 1000
	reconnect.backoff.ms = 50
	request.timeout.ms = 30000
	retry.backoff.max.ms = 1000
	retry.backoff.ms = 100
	sasl.client.callback.handler.class = null
	sasl.jaas.config = null
	sasl.kerberos.kinit.cmd = /usr/bin/kinit
	sasl.kerberos.min.time.before.relogin = 60000
	sasl.kerberos.service.name = null
	sasl.kerberos.ticket.renew.jitter = 0.05
	sasl.kerberos.ticket.renew.window.factor = 0.8
	sasl.login.callback.handler.class = null
	sasl.login.class = null
	sasl.login.connect.timeout.ms = null
	sasl.login.read.timeout.ms = null
	sasl.login.refresh.buffer.seconds = 300
	sasl.login.refresh.min.period.seconds = 60
	sasl.login.refresh.window.factor = 0.8
	sasl.login.refresh.window.jitter = 0.05
	sasl.login.retry.backoff.max.ms = 10000
	sasl.login.retry.backoff.ms = 100
	sasl.mechanism = GSSAPI
	sasl.oauthbearer.clock.skew.seconds = 30
	sasl.oauthbearer.expected.audience = null
	sasl.oauthbearer.expected.issuer = null
	sasl.oauthbearer.header.urlencode = false
	sasl.oauthbearer.jwks.endpoint.refresh.ms = 3600000
	sasl.oauthbearer.jwks.endpoint.retry.backoff.max.ms = 10000
	sasl.oauthbearer.jwks.endpoint.retry.backoff.ms = 100
	sasl.oauthbearer.jwks.endpoint.url = null
	sasl.oauthbearer.scope.claim.name = scope
	sasl.oauthbearer.sub.claim.name = sub
	sasl.oauthbearer.token.endpoint.url = null
	security.protocol = PLAINTEXT
	security.providers = null
	send.buffer.bytes = 131072
	session.timeout.ms = 45000
	socket.connection.setup.timeout.max.ms = 30000
	socket.connection.setup.timeout.ms = 10000
	ssl.cipher.suites = null
	ssl.enabled.protocols = [TLSv1.2, TLSv1.3]
	ssl.endpoint.identification.algorithm = https
	ssl.engine.factory.class = null
	ssl.key.password = null
	ssl.keymanager.algorithm = SunX509
	ssl.keystore.certificate.chain = null
	ssl.keystore.key = null
	ssl.keystore.location = null
	ssl.keystore.password = null
	ssl.keystore.type = JKS
	ssl.protocol = TLSv1.3
	ssl.provider = null
	ssl.secure.random.implementation = null
	ssl.trustmanager.algorithm = PKIX
	ssl.truststore.certificates = null
	ssl.truststore.location = null
	ssl.truststore.password = null
	ssl.truststore.type = JKS
	value.deserializer = class org.apache.kafka.common.serialization.StringDeserializer

2025-01-26 12:53:06.465 [main] [traceId=] INFO  o.a.k.c.t.i.KafkaMetricsCollector - initializing Kafka metrics collector
2025-01-26 12:53:06.470 [main] [traceId=] INFO  o.a.kafka.common.utils.AppInfoParser - Kafka version: 3.9.0
2025-01-26 12:53:06.470 [main] [traceId=] INFO  o.a.kafka.common.utils.AppInfoParser - Kafka commitId: 84caaa6e9da06435
2025-01-26 12:53:06.470 [main] [traceId=] INFO  o.a.kafka.common.utils.AppInfoParser - Kafka startTimeMs: 1737863586470
2025-01-26 12:53:06.473 [main] [traceId=] INFO  o.a.k.c.c.i.ClassicKafkaConsumer - [Consumer clientId=consumer-order-group-3, groupId=order-group] Subscribed to topic(s): orders
2025-01-26 12:53:06.474 [main] [traceId=] INFO  o.a.k.c.consumer.ConsumerConfig - ConsumerConfig values: 
	allow.auto.create.topics = true
	auto.commit.interval.ms = 5000
	auto.include.jmx.reporter = true
	auto.offset.reset = latest
	bootstrap.servers = [15.164.142.172:9092]
	check.crcs = true
	client.dns.lookup = use_all_dns_ips
	client.id = consumer-api-group-4
	client.rack = 
	connections.max.idle.ms = 540000
	default.api.timeout.ms = 60000
	enable.auto.commit = false
	enable.metrics.push = true
	exclude.internal.topics = true
	fetch.max.bytes = 52428800
	fetch.max.wait.ms = 500
	fetch.min.bytes = 1
	group.id = api-group
	group.instance.id = null
	group.protocol = classic
	group.remote.assignor = null
	heartbeat.interval.ms = 3000
	interceptor.classes = []
	internal.leave.group.on.close = true
	internal.throw.on.fetch.stable.offset.unsupported = false
	isolation.level = read_uncommitted
	key.deserializer = class org.apache.kafka.common.serialization.StringDeserializer
	max.partition.fetch.bytes = 1048576
	max.poll.interval.ms = 300000
	max.poll.records = 500
	metadata.max.age.ms = 300000
	metadata.recovery.strategy = none
	metric.reporters = []
	metrics.num.samples = 2
	metrics.recording.level = INFO
	metrics.sample.window.ms = 30000
	partition.assignment.strategy = [class org.apache.kafka.clients.consumer.RangeAssignor, class org.apache.kafka.clients.consumer.CooperativeStickyAssignor]
	receive.buffer.bytes = 65536
	reconnect.backoff.max.ms = 1000
	reconnect.backoff.ms = 50
	request.timeout.ms = 30000
	retry.backoff.max.ms = 1000
	retry.backoff.ms = 100
	sasl.client.callback.handler.class = null
	sasl.jaas.config = null
	sasl.kerberos.kinit.cmd = /usr/bin/kinit
	sasl.kerberos.min.time.before.relogin = 60000
	sasl.kerberos.service.name = null
	sasl.kerberos.ticket.renew.jitter = 0.05
	sasl.kerberos.ticket.renew.window.factor = 0.8
	sasl.login.callback.handler.class = null
	sasl.login.class = null
	sasl.login.connect.timeout.ms = null
	sasl.login.read.timeout.ms = null
	sasl.login.refresh.buffer.seconds = 300
	sasl.login.refresh.min.period.seconds = 60
	sasl.login.refresh.window.factor = 0.8
	sasl.login.refresh.window.jitter = 0.05
	sasl.login.retry.backoff.max.ms = 10000
	sasl.login.retry.backoff.ms = 100
	sasl.mechanism = GSSAPI
	sasl.oauthbearer.clock.skew.seconds = 30
	sasl.oauthbearer.expected.audience = null
	sasl.oauthbearer.expected.issuer = null
	sasl.oauthbearer.header.urlencode = false
	sasl.oauthbearer.jwks.endpoint.refresh.ms = 3600000
	sasl.oauthbearer.jwks.endpoint.retry.backoff.max.ms = 10000
	sasl.oauthbearer.jwks.endpoint.retry.backoff.ms = 100
	sasl.oauthbearer.jwks.endpoint.url = null
	sasl.oauthbearer.scope.claim.name = scope
	sasl.oauthbearer.sub.claim.name = sub
	sasl.oauthbearer.token.endpoint.url = null
	security.protocol = PLAINTEXT
	security.providers = null
	send.buffer.bytes = 131072
	session.timeout.ms = 45000
	socket.connection.setup.timeout.max.ms = 30000
	socket.connection.setup.timeout.ms = 10000
	ssl.cipher.suites = null
	ssl.enabled.protocols = [TLSv1.2, TLSv1.3]
	ssl.endpoint.identification.algorithm = https
	ssl.engine.factory.class = null
	ssl.key.password = null
	ssl.keymanager.algorithm = SunX509
	ssl.keystore.certificate.chain = null
	ssl.keystore.key = null
	ssl.keystore.location = null
	ssl.keystore.password = null
	ssl.keystore.type = JKS
	ssl.protocol = TLSv1.3
	ssl.provider = null
	ssl.secure.random.implementation = null
	ssl.trustmanager.algorithm = PKIX
	ssl.truststore.certificates = null
	ssl.truststore.location = null
	ssl.truststore.password = null
	ssl.truststore.type = JKS
	value.deserializer = class org.apache.kafka.common.serialization.StringDeserializer

2025-01-26 12:53:06.475 [main] [traceId=] INFO  o.a.k.c.t.i.KafkaMetricsCollector - initializing Kafka metrics collector
2025-01-26 12:53:06.478 [main] [traceId=] INFO  o.a.kafka.common.utils.AppInfoParser - Kafka version: 3.9.0
2025-01-26 12:53:06.478 [main] [traceId=] INFO  o.a.kafka.common.utils.AppInfoParser - Kafka commitId: 84caaa6e9da06435
2025-01-26 12:53:06.479 [main] [traceId=] INFO  o.a.kafka.common.utils.AppInfoParser - Kafka startTimeMs: 1737863586478
2025-01-26 12:53:06.479 [org.springframework.kafka.KafkaListenerEndpointContainer#2-0-C-1] [traceId=] INFO  org.apache.kafka.clients.Metadata - [Consumer clientId=consumer-payment-group-1, groupId=payment-group] Cluster ID: XEF7bUcpSBeSy0aNzXkrPg
2025-01-26 12:53:06.479 [org.springframework.kafka.KafkaListenerEndpointContainer#2-0-C-1] [traceId=] INFO  o.a.k.c.c.i.ConsumerCoordinator - [Consumer clientId=consumer-payment-group-1, groupId=payment-group] Discovered group coordinator 15.164.142.172:9092 (id: 2147483647 rack: null)
2025-01-26 12:53:06.481 [main] [traceId=] INFO  o.a.k.c.c.i.ClassicKafkaConsumer - [Consumer clientId=consumer-api-group-4, groupId=api-group] Subscribed to topic(s): api-requests
2025-01-26 12:53:06.482 [org.springframework.kafka.KafkaListenerEndpointContainer#2-0-C-1] [traceId=] INFO  o.a.k.c.c.i.ConsumerCoordinator - [Consumer clientId=consumer-payment-group-1, groupId=payment-group] (Re-)joining group
2025-01-26 12:53:06.485 [org.springframework.kafka.KafkaListenerEndpointContainer#3-0-C-1] [traceId=] INFO  org.apache.kafka.clients.Metadata - [Consumer clientId=consumer-auth-group-2, groupId=auth-group] Cluster ID: XEF7bUcpSBeSy0aNzXkrPg
2025-01-26 12:53:06.485 [org.springframework.kafka.KafkaListenerEndpointContainer#3-0-C-1] [traceId=] INFO  o.a.k.c.c.i.ConsumerCoordinator - [Consumer clientId=consumer-auth-group-2, groupId=auth-group] Discovered group coordinator 15.164.142.172:9092 (id: 2147483647 rack: null)
2025-01-26 12:53:06.486 [org.springframework.kafka.KafkaListenerEndpointContainer#3-0-C-1] [traceId=] INFO  o.a.k.c.c.i.ConsumerCoordinator - [Consumer clientId=consumer-auth-group-2, groupId=auth-group] (Re-)joining group
2025-01-26 12:53:06.494 [org.springframework.kafka.KafkaListenerEndpointContainer#0-0-C-1] [traceId=] INFO  org.apache.kafka.clients.Metadata - [Consumer clientId=consumer-order-group-3, groupId=order-group] Cluster ID: XEF7bUcpSBeSy0aNzXkrPg
2025-01-26 12:53:06.494 [org.springframework.kafka.KafkaListenerEndpointContainer#0-0-C-1] [traceId=] INFO  o.a.k.c.c.i.ConsumerCoordinator - [Consumer clientId=consumer-order-group-3, groupId=order-group] Discovered group coordinator 15.164.142.172:9092 (id: 2147483647 rack: null)
2025-01-26 12:53:06.495 [org.springframework.kafka.KafkaListenerEndpointContainer#0-0-C-1] [traceId=] INFO  o.a.k.c.c.i.ConsumerCoordinator - [Consumer clientId=consumer-order-group-3, groupId=order-group] (Re-)joining group
2025-01-26 12:53:06.498 [main] [traceId=] INFO  c.gijun.backend.BackendApplication - Started BackendApplication in 9.698 seconds (process running for 10.613)
2025-01-26 12:53:06.501 [org.springframework.kafka.KafkaListenerEndpointContainer#1-0-C-1] [traceId=] INFO  org.apache.kafka.clients.Metadata - [Consumer clientId=consumer-api-group-4, groupId=api-group] Cluster ID: XEF7bUcpSBeSy0aNzXkrPg
2025-01-26 12:53:06.501 [org.springframework.kafka.KafkaListenerEndpointContainer#1-0-C-1] [traceId=] INFO  o.a.k.c.c.i.ConsumerCoordinator - [Consumer clientId=consumer-api-group-4, groupId=api-group] Discovered group coordinator 15.164.142.172:9092 (id: 2147483647 rack: null)
2025-01-26 12:53:06.502 [org.springframework.kafka.KafkaListenerEndpointContainer#1-0-C-1] [traceId=] INFO  o.a.k.c.c.i.ConsumerCoordinator - [Consumer clientId=consumer-api-group-4, groupId=api-group] (Re-)joining group
2025-01-26 12:53:06.507 [org.springframework.kafka.KafkaListenerEndpointContainer#3-0-C-1] [traceId=] INFO  o.a.k.c.c.i.ConsumerCoordinator - [Consumer clientId=consumer-auth-group-2, groupId=auth-group] Request joining group due to: need to re-join with the given member-id: consumer-auth-group-2-c00a1e99-9903-4865-b277-7f2974eef9dd
2025-01-26 12:53:06.507 [org.springframework.kafka.KafkaListenerEndpointContainer#3-0-C-1] [traceId=] INFO  o.a.k.c.c.i.ConsumerCoordinator - [Consumer clientId=consumer-auth-group-2, groupId=auth-group] (Re-)joining group
2025-01-26 12:53:06.507 [org.springframework.kafka.KafkaListenerEndpointContainer#2-0-C-1] [traceId=] INFO  o.a.k.c.c.i.ConsumerCoordinator - [Consumer clientId=consumer-payment-group-1, groupId=payment-group] Request joining group due to: need to re-join with the given member-id: consumer-payment-group-1-efd4721b-944a-4a8e-9219-12cbd0a8fcda
2025-01-26 12:53:06.508 [org.springframework.kafka.KafkaListenerEndpointContainer#2-0-C-1] [traceId=] INFO  o.a.k.c.c.i.ConsumerCoordinator - [Consumer clientId=consumer-payment-group-1, groupId=payment-group] (Re-)joining group
2025-01-26 12:53:06.514 [org.springframework.kafka.KafkaListenerEndpointContainer#0-0-C-1] [traceId=] INFO  o.a.k.c.c.i.ConsumerCoordinator - [Consumer clientId=consumer-order-group-3, groupId=order-group] Request joining group due to: need to re-join with the given member-id: consumer-order-group-3-d8746443-cc05-417b-9250-1c782eaf24fb
2025-01-26 12:53:06.514 [org.springframework.kafka.KafkaListenerEndpointContainer#0-0-C-1] [traceId=] INFO  o.a.k.c.c.i.ConsumerCoordinator - [Consumer clientId=consumer-order-group-3, groupId=order-group] (Re-)joining group
2025-01-26 12:53:06.515 [org.springframework.kafka.KafkaListenerEndpointContainer#3-0-C-1] [traceId=] INFO  o.a.k.c.c.i.ConsumerCoordinator - [Consumer clientId=consumer-auth-group-2, groupId=auth-group] Successfully joined group with generation Generation{generationId=25, memberId='consumer-auth-group-2-c00a1e99-9903-4865-b277-7f2974eef9dd', protocol='range'}
2025-01-26 12:53:06.515 [org.springframework.kafka.KafkaListenerEndpointContainer#2-0-C-1] [traceId=] INFO  o.a.k.c.c.i.ConsumerCoordinator - [Consumer clientId=consumer-payment-group-1, groupId=payment-group] Successfully joined group with generation Generation{generationId=25, memberId='consumer-payment-group-1-efd4721b-944a-4a8e-9219-12cbd0a8fcda', protocol='range'}
2025-01-26 12:53:06.522 [org.springframework.kafka.KafkaListenerEndpointContainer#0-0-C-1] [traceId=] INFO  o.a.k.c.c.i.ConsumerCoordinator - [Consumer clientId=consumer-order-group-3, groupId=order-group] Successfully joined group with generation Generation{generationId=25, memberId='consumer-order-group-3-d8746443-cc05-417b-9250-1c782eaf24fb', protocol='range'}
2025-01-26 12:53:06.522 [org.springframework.kafka.KafkaListenerEndpointContainer#1-0-C-1] [traceId=] INFO  o.a.k.c.c.i.ConsumerCoordinator - [Consumer clientId=consumer-api-group-4, groupId=api-group] Request joining group due to: need to re-join with the given member-id: consumer-api-group-4-2935ceb5-2f7d-43a2-9a24-b7880e1dba8a
2025-01-26 12:53:06.523 [org.springframework.kafka.KafkaListenerEndpointContainer#3-0-C-1] [traceId=] INFO  o.a.k.c.c.i.ConsumerCoordinator - [Consumer clientId=consumer-auth-group-2, groupId=auth-group] Finished assignment for group at generation 25: {consumer-auth-group-2-c00a1e99-9903-4865-b277-7f2974eef9dd=Assignment(partitions=[authentication-0])}
2025-01-26 12:53:06.523 [org.springframework.kafka.KafkaListenerEndpointContainer#2-0-C-1] [traceId=] INFO  o.a.k.c.c.i.ConsumerCoordinator - [Consumer clientId=consumer-payment-group-1, groupId=payment-group] Finished assignment for group at generation 25: {consumer-payment-group-1-efd4721b-944a-4a8e-9219-12cbd0a8fcda=Assignment(partitions=[payments-0])}
2025-01-26 12:53:06.523 [org.springframework.kafka.KafkaListenerEndpointContainer#0-0-C-1] [traceId=] INFO  o.a.k.c.c.i.ConsumerCoordinator - [Consumer clientId=consumer-order-group-3, groupId=order-group] Finished assignment for group at generation 25: {consumer-order-group-3-d8746443-cc05-417b-9250-1c782eaf24fb=Assignment(partitions=[orders-0])}
2025-01-26 12:53:06.523 [org.springframework.kafka.KafkaListenerEndpointContainer#1-0-C-1] [traceId=] INFO  o.a.k.c.c.i.ConsumerCoordinator - [Consumer clientId=consumer-api-group-4, groupId=api-group] (Re-)joining group
2025-01-26 12:53:06.531 [org.springframework.kafka.KafkaListenerEndpointContainer#1-0-C-1] [traceId=] INFO  o.a.k.c.c.i.ConsumerCoordinator - [Consumer clientId=consumer-api-group-4, groupId=api-group] Successfully joined group with generation Generation{generationId=25, memberId='consumer-api-group-4-2935ceb5-2f7d-43a2-9a24-b7880e1dba8a', protocol='range'}
2025-01-26 12:53:06.532 [org.springframework.kafka.KafkaListenerEndpointContainer#1-0-C-1] [traceId=] INFO  o.a.k.c.c.i.ConsumerCoordinator - [Consumer clientId=consumer-api-group-4, groupId=api-group] Finished assignment for group at generation 25: {consumer-api-group-4-2935ceb5-2f7d-43a2-9a24-b7880e1dba8a=Assignment(partitions=[api-requests-0])}
2025-01-26 12:53:06.534 [org.springframework.kafka.KafkaListenerEndpointContainer#3-0-C-1] [traceId=] INFO  o.a.k.c.c.i.ConsumerCoordinator - [Consumer clientId=consumer-auth-group-2, groupId=auth-group] Successfully synced group in generation Generation{generationId=25, memberId='consumer-auth-group-2-c00a1e99-9903-4865-b277-7f2974eef9dd', protocol='range'}
2025-01-26 12:53:06.535 [org.springframework.kafka.KafkaListenerEndpointContainer#2-0-C-1] [traceId=] INFO  o.a.k.c.c.i.ConsumerCoordinator - [Consumer clientId=consumer-payment-group-1, groupId=payment-group] Successfully synced group in generation Generation{generationId=25, memberId='consumer-payment-group-1-efd4721b-944a-4a8e-9219-12cbd0a8fcda', protocol='range'}
2025-01-26 12:53:06.535 [org.springframework.kafka.KafkaListenerEndpointContainer#3-0-C-1] [traceId=] INFO  o.a.k.c.c.i.ConsumerCoordinator - [Consumer clientId=consumer-auth-group-2, groupId=auth-group] Notifying assignor about the new Assignment(partitions=[authentication-0])
2025-01-26 12:53:06.535 [org.springframework.kafka.KafkaListenerEndpointContainer#2-0-C-1] [traceId=] INFO  o.a.k.c.c.i.ConsumerCoordinator - [Consumer clientId=consumer-payment-group-1, groupId=payment-group] Notifying assignor about the new Assignment(partitions=[payments-0])
2025-01-26 12:53:06.535 [org.springframework.kafka.KafkaListenerEndpointContainer#0-0-C-1] [traceId=] INFO  o.a.k.c.c.i.ConsumerCoordinator - [Consumer clientId=consumer-order-group-3, groupId=order-group] Successfully synced group in generation Generation{generationId=25, memberId='consumer-order-group-3-d8746443-cc05-417b-9250-1c782eaf24fb', protocol='range'}
2025-01-26 12:53:06.535 [org.springframework.kafka.KafkaListenerEndpointContainer#0-0-C-1] [traceId=] INFO  o.a.k.c.c.i.ConsumerCoordinator - [Consumer clientId=consumer-order-group-3, groupId=order-group] Notifying assignor about the new Assignment(partitions=[orders-0])
2025-01-26 12:53:06.538 [org.springframework.kafka.KafkaListenerEndpointContainer#3-0-C-1] [traceId=] INFO  o.a.k.c.c.i.ConsumerRebalanceListenerInvoker - [Consumer clientId=consumer-auth-group-2, groupId=auth-group] Adding newly assigned partitions: authentication-0
2025-01-26 12:53:06.538 [org.springframework.kafka.KafkaListenerEndpointContainer#2-0-C-1] [traceId=] INFO  o.a.k.c.c.i.ConsumerRebalanceListenerInvoker - [Consumer clientId=consumer-payment-group-1, groupId=payment-group] Adding newly assigned partitions: payments-0
2025-01-26 12:53:06.538 [org.springframework.kafka.KafkaListenerEndpointContainer#0-0-C-1] [traceId=] INFO  o.a.k.c.c.i.ConsumerRebalanceListenerInvoker - [Consumer clientId=consumer-order-group-3, groupId=order-group] Adding newly assigned partitions: orders-0
2025-01-26 12:53:06.539 [org.springframework.kafka.KafkaListenerEndpointContainer#1-0-C-1] [traceId=] INFO  o.a.k.c.c.i.ConsumerCoordinator - [Consumer clientId=consumer-api-group-4, groupId=api-group] Successfully synced group in generation Generation{generationId=25, memberId='consumer-api-group-4-2935ceb5-2f7d-43a2-9a24-b7880e1dba8a', protocol='range'}
2025-01-26 12:53:06.540 [org.springframework.kafka.KafkaListenerEndpointContainer#1-0-C-1] [traceId=] INFO  o.a.k.c.c.i.ConsumerCoordinator - [Consumer clientId=consumer-api-group-4, groupId=api-group] Notifying assignor about the new Assignment(partitions=[api-requests-0])
2025-01-26 12:53:06.540 [org.springframework.kafka.KafkaListenerEndpointContainer#1-0-C-1] [traceId=] INFO  o.a.k.c.c.i.ConsumerRebalanceListenerInvoker - [Consumer clientId=consumer-api-group-4, groupId=api-group] Adding newly assigned partitions: api-requests-0
2025-01-26 12:53:06.561 [org.springframework.kafka.KafkaListenerEndpointContainer#2-0-C-1] [traceId=] INFO  o.a.k.c.c.internals.ConsumerUtils - Setting offset for partition payments-0 to the committed offset FetchPosition{offset=0, offsetEpoch=Optional.empty, currentLeader=LeaderAndEpoch{leader=Optional[15.164.142.172:9092 (id: 0 rack: null)], epoch=0}}
2025-01-26 12:53:06.561 [org.springframework.kafka.KafkaListenerEndpointContainer#1-0-C-1] [traceId=] INFO  o.a.k.c.c.internals.ConsumerUtils - Setting offset for partition api-requests-0 to the committed offset FetchPosition{offset=0, offsetEpoch=Optional.empty, currentLeader=LeaderAndEpoch{leader=Optional[15.164.142.172:9092 (id: 0 rack: null)], epoch=0}}
2025-01-26 12:53:06.561 [org.springframework.kafka.KafkaListenerEndpointContainer#0-0-C-1] [traceId=] INFO  o.a.k.c.c.internals.ConsumerUtils - Setting offset for partition orders-0 to the committed offset FetchPosition{offset=0, offsetEpoch=Optional.empty, currentLeader=LeaderAndEpoch{leader=Optional[15.164.142.172:9092 (id: 0 rack: null)], epoch=0}}
2025-01-26 12:53:06.561 [org.springframework.kafka.KafkaListenerEndpointContainer#3-0-C-1] [traceId=] INFO  o.a.k.c.c.internals.ConsumerUtils - Setting offset for partition authentication-0 to the committed offset FetchPosition{offset=3, offsetEpoch=Optional.empty, currentLeader=LeaderAndEpoch{leader=Optional[15.164.142.172:9092 (id: 0 rack: null)], epoch=0}}
2025-01-26 12:53:06.563 [org.springframework.kafka.KafkaListenerEndpointContainer#1-0-C-1] [traceId=] INFO  o.s.k.l.KafkaMessageListenerContainer - api-group: partitions assigned: [api-requests-0]
2025-01-26 12:53:06.563 [org.springframework.kafka.KafkaListenerEndpointContainer#0-0-C-1] [traceId=] INFO  o.s.k.l.KafkaMessageListenerContainer - order-group: partitions assigned: [orders-0]
2025-01-26 12:53:06.563 [org.springframework.kafka.KafkaListenerEndpointContainer#3-0-C-1] [traceId=] INFO  o.s.k.l.KafkaMessageListenerContainer - auth-group: partitions assigned: [authentication-0]
2025-01-26 12:53:06.563 [org.springframework.kafka.KafkaListenerEndpointContainer#2-0-C-1] [traceId=] INFO  o.s.k.l.KafkaMessageListenerContainer - payment-group: partitions assigned: [payments-0]
2025-01-26 12:53:07.194 [RMI TCP Connection(1)-172.30.224.1] [traceId=] INFO  o.a.c.c.C.[.[localhost].[/api] - Initializing Spring DispatcherServlet 'dispatcherServlet'
2025-01-26 12:53:07.194 [RMI TCP Connection(1)-172.30.224.1] [traceId=] INFO  o.s.web.servlet.DispatcherServlet - Initializing Servlet 'dispatcherServlet'
2025-01-26 12:53:07.194 [RMI TCP Connection(1)-172.30.224.1] [traceId=] DEBUG o.s.web.servlet.DispatcherServlet - Detected StandardServletMultipartResolver
2025-01-26 12:53:07.194 [RMI TCP Connection(1)-172.30.224.1] [traceId=] DEBUG o.s.web.servlet.DispatcherServlet - Detected AcceptHeaderLocaleResolver
2025-01-26 12:53:07.195 [RMI TCP Connection(1)-172.30.224.1] [traceId=] DEBUG o.s.web.servlet.DispatcherServlet - Detected FixedThemeResolver
2025-01-26 12:53:07.196 [RMI TCP Connection(1)-172.30.224.1] [traceId=] DEBUG o.s.web.servlet.DispatcherServlet - Detected org.springframework.web.servlet.view.DefaultRequestToViewNameTranslator@3963d003
2025-01-26 12:53:07.197 [RMI TCP Connection(1)-172.30.224.1] [traceId=] DEBUG o.s.web.servlet.DispatcherServlet - Detected org.springframework.web.servlet.support.SessionFlashMapManager@40a923e6
2025-01-26 12:53:07.197 [RMI TCP Connection(1)-172.30.224.1] [traceId=] DEBUG o.s.web.servlet.DispatcherServlet - enableLoggingRequestDetails='false': request parameters and headers will be masked to prevent unsafe logging of potentially sensitive data
2025-01-26 12:53:07.197 [RMI TCP Connection(1)-172.30.224.1] [traceId=] INFO  o.s.web.servlet.DispatcherServlet - Completed initialization in 3 ms
2025-01-26 12:53:24.751 [http-nio-9832-exec-1] [traceId=] DEBUG o.s.security.web.FilterChainProxy - Securing OPTIONS /api/auth/login
2025-01-26 12:53:24.780 [http-nio-9832-exec-2] [traceId=] DEBUG o.s.security.web.FilterChainProxy - Securing POST /api/auth/login
2025-01-26 12:53:30.022 [http-nio-9832-exec-3] [traceId=] DEBUG o.s.security.web.FilterChainProxy - Securing POST /api/auth/login
2025-01-26 12:53:30.389 [http-nio-9832-exec-3] [traceId=] DEBUG o.s.s.a.d.DaoAuthenticationProvider - Authenticated user
2025-01-26 12:53:30.454 [http-nio-9832-exec-4] [traceId=] DEBUG o.s.security.web.FilterChainProxy - Securing OPTIONS /api/user/me
2025-01-26 12:53:30.461 [http-nio-9832-exec-5] [traceId=] DEBUG o.s.security.web.FilterChainProxy - Securing GET /api/user/me
2025-01-26 12:53:30.508 [http-nio-9832-exec-5] [traceId=] DEBUG o.s.security.web.FilterChainProxy - Secured GET /api/user/me
2025-01-26 12:53:30.511 [http-nio-9832-exec-5] [traceId=] DEBUG o.s.web.servlet.DispatcherServlet - GET "/api/api/user/me", parameters={}
2025-01-26 12:53:30.513 [http-nio-9832-exec-5] [traceId=] DEBUG o.s.w.s.m.m.a.RequestMappingHandlerMapping - Mapped to com.gijun.backend.common.controller.user.UserController#getMyInfo(Authentication)
2025-01-26 12:53:30.574 [http-nio-9832-exec-5] [traceId=] DEBUG o.s.w.s.m.m.a.HttpEntityMethodProcessor - Using 'application/json', given [application/json, text/plain, */*] and supported [application/json, application/*+json, application/yaml]
2025-01-26 12:53:30.575 [http-nio-9832-exec-5] [traceId=] DEBUG o.s.w.s.m.m.a.HttpEntityMethodProcessor - Writing [com.gijun.backend.common.dto.CommonResponseDto@522d24a0]
2025-01-26 12:53:30.580 [http-nio-9832-exec-5] [traceId=] DEBUG o.s.web.servlet.DispatcherServlet - Completed 200 OK
2025-01-26 12:54:06.446 [micrometer-kafka-metrics] [traceId=] WARN  i.m.core.instrument.MeterRegistry - This Gauge has been already registered (MeterId{name='kafka.consumer.network.io.rate', tags=[tag(client.id=consumer-payment-group-1),tag(kafka.version=3.9.0),tag(spring.id=kafkaConsumerFactory.consumer-payment-group-1)]}), the Gauge registration will be ignored. Note that subsequent logs will be logged at debug level.
2025-01-26 12:54:28.259 [http-nio-9832-exec-6] [traceId=] DEBUG o.s.security.web.FilterChainProxy - Securing POST /api/auth/login
2025-01-26 12:54:28.406 [http-nio-9832-exec-6] [traceId=] DEBUG o.s.s.a.d.DaoAuthenticationProvider - Authenticated user
2025-01-26 12:54:28.438 [http-nio-9832-exec-7] [traceId=] DEBUG o.s.security.web.FilterChainProxy - Securing GET /api/user/me
2025-01-26 12:54:28.479 [http-nio-9832-exec-7] [traceId=] DEBUG o.s.security.web.FilterChainProxy - Secured GET /api/user/me
2025-01-26 12:54:28.479 [http-nio-9832-exec-7] [traceId=] DEBUG o.s.web.servlet.DispatcherServlet - GET "/api/api/user/me", parameters={}
2025-01-26 12:54:28.480 [http-nio-9832-exec-7] [traceId=] DEBUG o.s.w.s.m.m.a.RequestMappingHandlerMapping - Mapped to com.gijun.backend.common.controller.user.UserController#getMyInfo(Authentication)
2025-01-26 12:54:28.514 [http-nio-9832-exec-7] [traceId=] DEBUG o.s.w.s.m.m.a.HttpEntityMethodProcessor - Using 'application/json', given [application/json, text/plain, */*] and supported [application/json, application/*+json, application/yaml]
2025-01-26 12:54:28.515 [http-nio-9832-exec-7] [traceId=] DEBUG o.s.w.s.m.m.a.HttpEntityMethodProcessor - Writing [com.gijun.backend.common.dto.CommonResponseDto@75c91522]
2025-01-26 12:54:28.515 [http-nio-9832-exec-7] [traceId=] DEBUG o.s.web.servlet.DispatcherServlet - Completed 200 OK
2025-01-26 13:00:32.117 [http-nio-9832-exec-9] [traceId=] DEBUG o.s.security.web.FilterChainProxy - Securing POST /api/auth/login
2025-01-26 13:00:32.276 [http-nio-9832-exec-9] [traceId=] DEBUG o.s.s.a.d.DaoAuthenticationProvider - Authenticated user
2025-01-26 13:00:32.308 [http-nio-9832-exec-10] [traceId=] DEBUG o.s.security.web.FilterChainProxy - Securing GET /api/user/me
2025-01-26 13:00:32.366 [http-nio-9832-exec-10] [traceId=] DEBUG o.s.security.web.FilterChainProxy - Secured GET /api/user/me
2025-01-26 13:00:32.366 [http-nio-9832-exec-10] [traceId=] DEBUG o.s.web.servlet.DispatcherServlet - GET "/api/api/user/me", parameters={}
2025-01-26 13:00:32.366 [http-nio-9832-exec-10] [traceId=] DEBUG o.s.w.s.m.m.a.RequestMappingHandlerMapping - Mapped to com.gijun.backend.common.controller.user.UserController#getMyInfo(Authentication)
2025-01-26 13:00:32.399 [http-nio-9832-exec-10] [traceId=] DEBUG o.s.w.s.m.m.a.HttpEntityMethodProcessor - Using 'application/json', given [application/json, text/plain, */*] and supported [application/json, application/*+json, application/yaml]
2025-01-26 13:00:32.399 [http-nio-9832-exec-10] [traceId=] DEBUG o.s.w.s.m.m.a.HttpEntityMethodProcessor - Writing [com.gijun.backend.common.dto.CommonResponseDto@3e12270e]
2025-01-26 13:00:32.400 [http-nio-9832-exec-10] [traceId=] DEBUG o.s.web.servlet.DispatcherServlet - Completed 200 OK
2025-01-26 15:52:38.456 [http-nio-9832-exec-2] [traceId=] DEBUG o.s.security.web.FilterChainProxy - Securing OPTIONS /api/auth/login
2025-01-26 15:52:38.464 [http-nio-9832-exec-3] [traceId=] DEBUG o.s.security.web.FilterChainProxy - Securing POST /api/auth/login
2025-01-26 15:52:38.628 [http-nio-9832-exec-3] [traceId=] DEBUG o.s.s.a.d.DaoAuthenticationProvider - Authenticated user
2025-01-26 15:52:38.663 [http-nio-9832-exec-4] [traceId=] DEBUG o.s.security.web.FilterChainProxy - Securing OPTIONS /api/user/me
2025-01-26 15:52:38.667 [http-nio-9832-exec-5] [traceId=] DEBUG o.s.security.web.FilterChainProxy - Securing GET /api/user/me
2025-01-26 15:52:38.709 [http-nio-9832-exec-5] [traceId=] DEBUG o.s.security.web.FilterChainProxy - Secured GET /api/user/me
2025-01-26 15:52:38.709 [http-nio-9832-exec-5] [traceId=] DEBUG o.s.web.servlet.DispatcherServlet - GET "/api/api/user/me", parameters={}
2025-01-26 15:52:38.710 [http-nio-9832-exec-5] [traceId=] DEBUG o.s.w.s.m.m.a.RequestMappingHandlerMapping - Mapped to com.gijun.backend.common.controller.user.UserController#getMyInfo(Authentication)
2025-01-26 15:52:38.750 [http-nio-9832-exec-5] [traceId=] DEBUG o.s.w.s.m.m.a.HttpEntityMethodProcessor - Using 'application/json', given [application/json, text/plain, */*] and supported [application/json, application/*+json, application/yaml]
2025-01-26 15:52:38.751 [http-nio-9832-exec-5] [traceId=] DEBUG o.s.w.s.m.m.a.HttpEntityMethodProcessor - Writing [com.gijun.backend.common.dto.CommonResponseDto@43fb11b3]
2025-01-26 15:52:38.752 [http-nio-9832-exec-5] [traceId=] DEBUG o.s.web.servlet.DispatcherServlet - Completed 200 OK
2025-01-26 15:55:28.831 [org.springframework.kafka.KafkaListenerEndpointContainer#2-0-C-1] [traceId=] INFO  o.a.k.c.c.i.ConsumerRebalanceListenerInvoker - [Consumer clientId=consumer-payment-group-1, groupId=payment-group] Revoke previously assigned partitions payments-0
2025-01-26 15:55:28.831 [org.springframework.kafka.KafkaListenerEndpointContainer#1-0-C-1] [traceId=] INFO  o.a.k.c.c.i.ConsumerRebalanceListenerInvoker - [Consumer clientId=consumer-api-group-4, groupId=api-group] Revoke previously assigned partitions api-requests-0
2025-01-26 15:55:28.831 [org.springframework.kafka.KafkaListenerEndpointContainer#3-0-C-1] [traceId=] INFO  o.a.k.c.c.i.ConsumerRebalanceListenerInvoker - [Consumer clientId=consumer-auth-group-2, groupId=auth-group] Revoke previously assigned partitions authentication-0
2025-01-26 15:55:28.832 [org.springframework.kafka.KafkaListenerEndpointContainer#0-0-C-1] [traceId=] INFO  o.a.k.c.c.i.ConsumerRebalanceListenerInvoker - [Consumer clientId=consumer-order-group-3, groupId=order-group] Revoke previously assigned partitions orders-0
2025-01-26 15:55:28.833 [org.springframework.kafka.KafkaListenerEndpointContainer#0-0-C-1] [traceId=] INFO  o.s.k.l.KafkaMessageListenerContainer - order-group: partitions revoked: [orders-0]
2025-01-26 15:55:28.833 [org.springframework.kafka.KafkaListenerEndpointContainer#1-0-C-1] [traceId=] INFO  o.s.k.l.KafkaMessageListenerContainer - api-group: partitions revoked: [api-requests-0]
2025-01-26 15:55:28.833 [org.springframework.kafka.KafkaListenerEndpointContainer#3-0-C-1] [traceId=] INFO  o.s.k.l.KafkaMessageListenerContainer - auth-group: partitions revoked: [authentication-0]
2025-01-26 15:55:28.833 [org.springframework.kafka.KafkaListenerEndpointContainer#2-0-C-1] [traceId=] INFO  o.s.k.l.KafkaMessageListenerContainer - payment-group: partitions revoked: [payments-0]
2025-01-26 15:55:28.834 [org.springframework.kafka.KafkaListenerEndpointContainer#0-0-C-1] [traceId=] INFO  o.a.k.c.c.i.ConsumerCoordinator - [Consumer clientId=consumer-order-group-3, groupId=order-group] Member consumer-order-group-3-d8746443-cc05-417b-9250-1c782eaf24fb sending LeaveGroup request to coordinator 15.164.142.172:9092 (id: 2147483647 rack: null) due to the consumer unsubscribed from all topics
2025-01-26 15:55:28.834 [org.springframework.kafka.KafkaListenerEndpointContainer#1-0-C-1] [traceId=] INFO  o.a.k.c.c.i.ConsumerCoordinator - [Consumer clientId=consumer-api-group-4, groupId=api-group] Member consumer-api-group-4-2935ceb5-2f7d-43a2-9a24-b7880e1dba8a sending LeaveGroup request to coordinator 15.164.142.172:9092 (id: 2147483647 rack: null) due to the consumer unsubscribed from all topics
2025-01-26 15:55:28.834 [org.springframework.kafka.KafkaListenerEndpointContainer#2-0-C-1] [traceId=] INFO  o.a.k.c.c.i.ConsumerCoordinator - [Consumer clientId=consumer-payment-group-1, groupId=payment-group] Member consumer-payment-group-1-efd4721b-944a-4a8e-9219-12cbd0a8fcda sending LeaveGroup request to coordinator 15.164.142.172:9092 (id: 2147483647 rack: null) due to the consumer unsubscribed from all topics
2025-01-26 15:55:28.834 [org.springframework.kafka.KafkaListenerEndpointContainer#3-0-C-1] [traceId=] INFO  o.a.k.c.c.i.ConsumerCoordinator - [Consumer clientId=consumer-auth-group-2, groupId=auth-group] Member consumer-auth-group-2-c00a1e99-9903-4865-b277-7f2974eef9dd sending LeaveGroup request to coordinator 15.164.142.172:9092 (id: 2147483647 rack: null) due to the consumer unsubscribed from all topics
2025-01-26 15:55:28.835 [org.springframework.kafka.KafkaListenerEndpointContainer#1-0-C-1] [traceId=] INFO  o.a.k.c.c.i.ConsumerCoordinator - [Consumer clientId=consumer-api-group-4, groupId=api-group] Resetting generation and member id due to: consumer pro-actively leaving the group
2025-01-26 15:55:28.835 [org.springframework.kafka.KafkaListenerEndpointContainer#2-0-C-1] [traceId=] INFO  o.a.k.c.c.i.ConsumerCoordinator - [Consumer clientId=consumer-payment-group-1, groupId=payment-group] Resetting generation and member id due to: consumer pro-actively leaving the group
2025-01-26 15:55:28.835 [org.springframework.kafka.KafkaListenerEndpointContainer#0-0-C-1] [traceId=] INFO  o.a.k.c.c.i.ConsumerCoordinator - [Consumer clientId=consumer-order-group-3, groupId=order-group] Resetting generation and member id due to: consumer pro-actively leaving the group
2025-01-26 15:55:28.835 [org.springframework.kafka.KafkaListenerEndpointContainer#3-0-C-1] [traceId=] INFO  o.a.k.c.c.i.ConsumerCoordinator - [Consumer clientId=consumer-auth-group-2, groupId=auth-group] Resetting generation and member id due to: consumer pro-actively leaving the group
2025-01-26 15:55:28.835 [org.springframework.kafka.KafkaListenerEndpointContainer#1-0-C-1] [traceId=] INFO  o.a.k.c.c.i.ConsumerCoordinator - [Consumer clientId=consumer-api-group-4, groupId=api-group] Request joining group due to: consumer pro-actively leaving the group
2025-01-26 15:55:28.835 [org.springframework.kafka.KafkaListenerEndpointContainer#2-0-C-1] [traceId=] INFO  o.a.k.c.c.i.ConsumerCoordinator - [Consumer clientId=consumer-payment-group-1, groupId=payment-group] Request joining group due to: consumer pro-actively leaving the group
2025-01-26 15:55:28.835 [org.springframework.kafka.KafkaListenerEndpointContainer#1-0-C-1] [traceId=] INFO  o.a.k.c.c.i.ClassicKafkaConsumer - [Consumer clientId=consumer-api-group-4, groupId=api-group] Unsubscribed all topics or patterns and assigned partitions
2025-01-26 15:55:28.835 [org.springframework.kafka.KafkaListenerEndpointContainer#0-0-C-1] [traceId=] INFO  o.a.k.c.c.i.ConsumerCoordinator - [Consumer clientId=consumer-order-group-3, groupId=order-group] Request joining group due to: consumer pro-actively leaving the group
2025-01-26 15:55:28.835 [org.springframework.kafka.KafkaListenerEndpointContainer#3-0-C-1] [traceId=] INFO  o.a.k.c.c.i.ConsumerCoordinator - [Consumer clientId=consumer-auth-group-2, groupId=auth-group] Request joining group due to: consumer pro-actively leaving the group
2025-01-26 15:55:28.835 [org.springframework.kafka.KafkaListenerEndpointContainer#2-0-C-1] [traceId=] INFO  o.a.k.c.c.i.ClassicKafkaConsumer - [Consumer clientId=consumer-payment-group-1, groupId=payment-group] Unsubscribed all topics or patterns and assigned partitions
2025-01-26 15:55:28.835 [org.springframework.kafka.KafkaListenerEndpointContainer#3-0-C-1] [traceId=] INFO  o.a.k.c.c.i.ClassicKafkaConsumer - [Consumer clientId=consumer-auth-group-2, groupId=auth-group] Unsubscribed all topics or patterns and assigned partitions
2025-01-26 15:55:28.835 [org.springframework.kafka.KafkaListenerEndpointContainer#0-0-C-1] [traceId=] INFO  o.a.k.c.c.i.ClassicKafkaConsumer - [Consumer clientId=consumer-order-group-3, groupId=order-group] Unsubscribed all topics or patterns and assigned partitions
2025-01-26 15:55:28.840 [org.springframework.kafka.KafkaListenerEndpointContainer#2-0-C-1] [traceId=] INFO  o.a.k.c.c.i.ConsumerCoordinator - [Consumer clientId=consumer-payment-group-1, groupId=payment-group] Resetting generation and member id due to: consumer pro-actively leaving the group
2025-01-26 15:55:28.840 [org.springframework.kafka.KafkaListenerEndpointContainer#0-0-C-1] [traceId=] INFO  o.a.k.c.c.i.ConsumerCoordinator - [Consumer clientId=consumer-order-group-3, groupId=order-group] Resetting generation and member id due to: consumer pro-actively leaving the group
2025-01-26 15:55:28.840 [org.springframework.kafka.KafkaListenerEndpointContainer#3-0-C-1] [traceId=] INFO  o.a.k.c.c.i.ConsumerCoordinator - [Consumer clientId=consumer-auth-group-2, groupId=auth-group] Resetting generation and member id due to: consumer pro-actively leaving the group
2025-01-26 15:55:28.840 [org.springframework.kafka.KafkaListenerEndpointContainer#1-0-C-1] [traceId=] INFO  o.a.k.c.c.i.ConsumerCoordinator - [Consumer clientId=consumer-api-group-4, groupId=api-group] Resetting generation and member id due to: consumer pro-actively leaving the group
2025-01-26 15:55:28.840 [org.springframework.kafka.KafkaListenerEndpointContainer#2-0-C-1] [traceId=] INFO  o.a.k.c.c.i.ConsumerCoordinator - [Consumer clientId=consumer-payment-group-1, groupId=payment-group] Request joining group due to: consumer pro-actively leaving the group
2025-01-26 15:55:28.840 [org.springframework.kafka.KafkaListenerEndpointContainer#3-0-C-1] [traceId=] INFO  o.a.k.c.c.i.ConsumerCoordinator - [Consumer clientId=consumer-auth-group-2, groupId=auth-group] Request joining group due to: consumer pro-actively leaving the group
2025-01-26 15:55:28.840 [org.springframework.kafka.KafkaListenerEndpointContainer#0-0-C-1] [traceId=] INFO  o.a.k.c.c.i.ConsumerCoordinator - [Consumer clientId=consumer-order-group-3, groupId=order-group] Request joining group due to: consumer pro-actively leaving the group
2025-01-26 15:55:28.841 [org.springframework.kafka.KafkaListenerEndpointContainer#1-0-C-1] [traceId=] INFO  o.a.k.c.c.i.ConsumerCoordinator - [Consumer clientId=consumer-api-group-4, groupId=api-group] Request joining group due to: consumer pro-actively leaving the group
2025-01-26 15:55:29.242 [org.springframework.kafka.KafkaListenerEndpointContainer#2-0-C-1] [traceId=] INFO  o.a.kafka.common.metrics.Metrics - Metrics scheduler closed
2025-01-26 15:55:29.242 [org.springframework.kafka.KafkaListenerEndpointContainer#3-0-C-1] [traceId=] INFO  o.a.kafka.common.metrics.Metrics - Metrics scheduler closed
2025-01-26 15:55:29.242 [org.springframework.kafka.KafkaListenerEndpointContainer#2-0-C-1] [traceId=] INFO  o.a.kafka.common.metrics.Metrics - Closing reporter org.apache.kafka.common.metrics.JmxReporter
2025-01-26 15:55:29.242 [org.springframework.kafka.KafkaListenerEndpointContainer#3-0-C-1] [traceId=] INFO  o.a.kafka.common.metrics.Metrics - Closing reporter org.apache.kafka.common.metrics.JmxReporter
2025-01-26 15:55:29.243 [org.springframework.kafka.KafkaListenerEndpointContainer#2-0-C-1] [traceId=] INFO  o.a.kafka.common.metrics.Metrics - Closing reporter org.apache.kafka.common.telemetry.internals.ClientTelemetryReporter
2025-01-26 15:55:29.243 [org.springframework.kafka.KafkaListenerEndpointContainer#2-0-C-1] [traceId=] INFO  o.a.kafka.common.metrics.Metrics - Metrics reporters closed
2025-01-26 15:55:29.243 [org.springframework.kafka.KafkaListenerEndpointContainer#3-0-C-1] [traceId=] INFO  o.a.kafka.common.metrics.Metrics - Closing reporter org.apache.kafka.common.telemetry.internals.ClientTelemetryReporter
2025-01-26 15:55:29.243 [org.springframework.kafka.KafkaListenerEndpointContainer#3-0-C-1] [traceId=] INFO  o.a.kafka.common.metrics.Metrics - Metrics reporters closed
2025-01-26 15:55:29.243 [org.springframework.kafka.KafkaListenerEndpointContainer#0-0-C-1] [traceId=] INFO  o.a.kafka.common.metrics.Metrics - Metrics scheduler closed
2025-01-26 15:55:29.244 [org.springframework.kafka.KafkaListenerEndpointContainer#0-0-C-1] [traceId=] INFO  o.a.kafka.common.metrics.Metrics - Closing reporter org.apache.kafka.common.metrics.JmxReporter
2025-01-26 15:55:29.244 [org.springframework.kafka.KafkaListenerEndpointContainer#0-0-C-1] [traceId=] INFO  o.a.kafka.common.metrics.Metrics - Closing reporter org.apache.kafka.common.telemetry.internals.ClientTelemetryReporter
2025-01-26 15:55:29.244 [org.springframework.kafka.KafkaListenerEndpointContainer#0-0-C-1] [traceId=] INFO  o.a.kafka.common.metrics.Metrics - Metrics reporters closed
2025-01-26 15:55:29.244 [org.springframework.kafka.KafkaListenerEndpointContainer#1-0-C-1] [traceId=] INFO  o.a.kafka.common.metrics.Metrics - Metrics scheduler closed
2025-01-26 15:55:29.244 [org.springframework.kafka.KafkaListenerEndpointContainer#1-0-C-1] [traceId=] INFO  o.a.kafka.common.metrics.Metrics - Closing reporter org.apache.kafka.common.metrics.JmxReporter
2025-01-26 15:55:29.245 [org.springframework.kafka.KafkaListenerEndpointContainer#1-0-C-1] [traceId=] INFO  o.a.kafka.common.metrics.Metrics - Closing reporter org.apache.kafka.common.telemetry.internals.ClientTelemetryReporter
2025-01-26 15:55:29.245 [org.springframework.kafka.KafkaListenerEndpointContainer#1-0-C-1] [traceId=] INFO  o.a.kafka.common.metrics.Metrics - Metrics reporters closed
2025-01-26 15:55:29.254 [org.springframework.kafka.KafkaListenerEndpointContainer#2-0-C-1] [traceId=] INFO  o.a.kafka.common.utils.AppInfoParser - App info kafka.consumer for consumer-payment-group-1 unregistered
2025-01-26 15:55:29.254 [org.springframework.kafka.KafkaListenerEndpointContainer#1-0-C-1] [traceId=] INFO  o.a.kafka.common.utils.AppInfoParser - App info kafka.consumer for consumer-api-group-4 unregistered
2025-01-26 15:55:29.254 [org.springframework.kafka.KafkaListenerEndpointContainer#3-0-C-1] [traceId=] INFO  o.a.kafka.common.utils.AppInfoParser - App info kafka.consumer for consumer-auth-group-2 unregistered
2025-01-26 15:55:29.255 [org.springframework.kafka.KafkaListenerEndpointContainer#0-0-C-1] [traceId=] INFO  o.a.kafka.common.utils.AppInfoParser - App info kafka.consumer for consumer-order-group-3 unregistered
2025-01-26 15:55:29.275 [org.springframework.kafka.KafkaListenerEndpointContainer#2-0-C-1] [traceId=] INFO  o.s.k.l.KafkaMessageListenerContainer - payment-group: Consumer stopped
2025-01-26 15:55:29.276 [org.springframework.kafka.KafkaListenerEndpointContainer#0-0-C-1] [traceId=] INFO  o.s.k.l.KafkaMessageListenerContainer - order-group: Consumer stopped
2025-01-26 15:55:29.278 [org.springframework.kafka.KafkaListenerEndpointContainer#3-0-C-1] [traceId=] INFO  o.s.k.l.KafkaMessageListenerContainer - auth-group: Consumer stopped
2025-01-26 15:55:29.280 [org.springframework.kafka.KafkaListenerEndpointContainer#1-0-C-1] [traceId=] INFO  o.s.k.l.KafkaMessageListenerContainer - api-group: Consumer stopped
2025-01-26 15:55:29.281 [SpringApplicationShutdownHook] [traceId=] INFO  o.s.b.w.e.tomcat.GracefulShutdown - Commencing graceful shutdown. Waiting for active requests to complete
2025-01-26 15:55:29.286 [tomcat-shutdown] [traceId=] INFO  o.s.b.w.e.tomcat.GracefulShutdown - Graceful shutdown complete
2025-01-26 15:55:29.416 [SpringApplicationShutdownHook] [traceId=] INFO  o.s.o.j.LocalContainerEntityManagerFactoryBean - Closing JPA EntityManagerFactory for persistence unit 'default'
2025-01-26 15:55:29.418 [SpringApplicationShutdownHook] [traceId=] INFO  com.zaxxer.hikari.HikariDataSource - HikariPool-1 - Shutdown initiated...
2025-01-26 15:55:29.476 [SpringApplicationShutdownHook] [traceId=] INFO  com.zaxxer.hikari.HikariDataSource - HikariPool-1 - Shutdown completed.
